Player956
127.0.0.1
Mon player :
reponse :
{
  "data": {
    "pos.x": 50,
    "pos.y": 50,
    "dir.x": 0,
    "name": "Player956",
    "dir.y": 0,
    "className": "logic.Player",
    "ID": "=5e@7émô6at6edce+mte",
    "speed": 1
  },
  "sender": "server",
  "type": "yeepii"
}
yeepii
added controllable player
Focused switched to : i4prwVf@GZWbFCAQOsZK / logic.Player
controlled player : Player956
Ajouté logic.Dog
Ajouté logic.Dog
Ajouté logic.Dog
Ajouté logic.Dog
Commande : t
300
299
298
297
296
295
294
293
292
291
290
289
288
287
286
285
284
283
282
281
280
279
278
277
276
275
274
273
272
271
270
269
268
267
266
265
264
263
262
261
Commande : t
300
260
299
259
298
258
297
257
296
256
295
255
294
254
293
253
292
252
291
251
290
250
289
249
288
248
287
247
286
246
285
245
284
244
283
243
282
242
281
241
280
240
279
239
278
238
277
237
276
236
275
235
274
234
273
233
272
232
271
231
270
230
269
229
268
228
267
227
266
226
265
225
264
224
263
223
262
222
261
221
Commande : t
260
220
300
259
219
299
258
218
298
257
217
297
256
216
296
255
215
295
254
214
294
253
213
293
252
212
292
251
211
291
250
210
290
249
209
289
248
208
288
247
207
287
246
206
286
245
205
285
244
204
284
243
203
283
242
202
282
241
201
281
240
200
280
239
199
279
238
198
278
237
197
277
236
196
276
235
195
275
234
194
274
233
193
273
232
192
272
231
191
271
230
190
270
229
189
269
228
188
268
227
187
267
226
186
266
Commande : t
300
225
185
265
299
224
184
264
298
223
183
263
297
222
182
262
296
221
181
261
295
220
180
260
294
219
179
259
293
218
178
258
292
217
177
257
291
216
176
256
290
215
175
255
289
214
174
254
288
213
173
253
287
212
172
252
286
211
171
251
285
210
170
250
284
209
169
249
283
208
168
248
282
207
167
247
281
206
166
246
280
205
165
245
279
204
164
244
278
203
163
243
277
202
162
242
276
201
161
241
275
200
160
240
274
199
159
239
273
198
158
238
272
197
157
237
271
196
156
236
270
195
155
235
269
194
154
234
268
193
153
233
267
192
152
232
266
191
151
231
265
190
150
230
264
189
149
229
Commande : t
263
300
188
148
228
262
299
187
147
227
261
298
186
146
226
260
297
185
145
225
259
296
184
144
224
258
295
183
143
223
257
294
182
142
222
256
293
181
141
221
255
292
180
140
220
254
291
179
139
219
253
290
178
138
218
252
289
177
137
217
251
288
176
136
216
250
287
175
135
215
249
286
174
134
214
248
285
173
133
213
247
284
172
132
212
246
283
171
131
211
245
282
170
130
210
244
281
169
129
209
243
280
168
128
208
242
279
167
127
207
241
278
166
126
206
240
277
165
125
205
239
276
164
124
204
238
275
163
123
203
237
274
162
122
202
236
273
161
121
201
235
272
160
120
200
234
271
159
119
199
233
270
158
118
198
232
269
157
117
197
231
268
156
116
196
230
267
155
115
195
229
266
154
114
194
Commande : t
228
300
265
153
113
193
227
299
264
152
112
192
226
298
263
151
111
191
225
297
262
150
110
190
224
296
261
149
109
189
223
295
260
148
108
188
222
294
259
147
107
187
221
293
258
146
106
186
220
292
257
145
105
185
219
291
256
144
104
184
218
290
255
143
103
183
217
289
254
142
102
182
216
288
253
141
101
181
215
287
252
140
100
180
214
286
251
139
99
179
213
285
250
138
98
178
212
284
249
137
97
177
211
283
248
136
96
176
210
282
247
135
95
175
209
281
246
134
94
174
208
280
245
133
93
173
207
279
244
132
92
172
206
278
243
131
91
171
205
277
242
130
90
170
204
276
241
129
89
169
203
275
240
128
88
168
202
274
239
127
87
167
201
273
238
126
86
166
200
272
237
125
85
165
199
271
236
124
84
164
198
270
235
123
83
163
197
269
234
122
82
162
196
268
233
121
81
161
195
267
232
120
80
160
Commande : t
300
194
266
231
119
79
159
299
193
265
230
118
78
158
298
192
264
229
117
77
157
297
191
263
228
116
76
156
296
190
262
227
115
75
155
295
189
261
226
114
74
154
294
188
260
225
113
73
153
293
187
259
224
112
72
152
292
186
258
223
111
71
151
291
185
257
222
110
70
150
290
184
256
221
109
69
149
289
183
255
220
108
68
148
288
182
254
219
107
67
147
287
181
253
218
106
66
146
286
180
252
217
105
65
145
285
179
251
216
104
64
144
284
178
250
215
103
63
143
283
177
249
214
102
62
142
282
176
248
213
101
61
141
281
175
247
212
100
60
140
280
174
246
211
99
59
139
279
173
245
210
98
58
138
278
172
244
209
97
57
137
277
171
243
208
96
56
136
276
170
242
207
95
55
135
275
169
241
206
94
54
134
274
168
240
205
93
53
133
273
167
239
204
92
52
132
272
166
238
203
91
51
131
271
165
237
202
90
50
130
270
164
236
201
89
49
129
269
163
235
200
88
48
128
268
162
234
199
87
47
127
Commande : t
267
161
233
198
86
46
300
126
266
160
232
197
85
45
299
125
265
159
231
196
84
44
298
124
264
158
230
195
83
43
297
123
263
157
229
194
82
42
296
122
262
156
228
193
81
41
295
121
261
155
227
192
80
40
294
120
260
154
226
191
79
39
293
119
259
153
225
190
78
38
292
118
258
152
224
189
77
37
291
117
257
151
223
188
76
36
290
116
256
150
222
187
75
35
289
115
255
149
221
186
74
34
288
114
254
148
220
185
73
33
287
113
253
147
219
184
72
32
286
112
252
146
218
183
71
31
285
111
251
145
217
182
70
30
284
110
250
144
216
181
69
29
283
109
249
143
215
180
68
28
282
108
248
142
214
179
67
27
281
107
247
141
213
178
66
26
280
106
246
140
212
177
65
25
279
105
245
139
211
176
64
24
278
104
244
138
210
175
63
23
277
103
243
137
209
174
62
22
276
102
242
136
208
173
61
21
275
101
241
135
207
172
60
20
274
100
240
134
206
171
59
19
273
99
239
133
205
170
58
18
272
98
238
132
204
169
57
17
271
97
237
131
203
168
56
16
270
96
236
130
202
167
55
15
269
95
235
129
201
166
54
14
268
94
234
128
200
165
53
13
267
93
Commande : t
300
233
127
199
164
52
12
266
92
299
232
126
198
163
51
11
265
91
298
231
125
197
162
50
10
264
90
297
230
124
196
161
49
9
263
89
296
229
123
195
160
48
8
262
88
295
228
122
194
159
47
7
261
87
294
227
121
193
158
46
6
260
86
293
226
120
192
157
45
5
259
85
292
225
119
191
156
44
4
258
84
291
224
118
190
155
43
3
257
83
290
223
117
189
154
42
2
256
82
289
222
116
188
153
41
1
255
81
288
221
115
187
152
40
0
254
80
287
220
114
186
151
39
253
79
286
219
113
185
150
38
252
78
285
218
112
184
149
37
251
77
284
217
111
183
148
36
250
76
283
216
110
182
147
35
249
75
282
215
109
181
146
34
248
74
281
214
108
180
145
33
247
73
280
213
107
179
144
32
246
72
279
212
106
178
143
31
245
71
278
211
105
177
142
30
244
70
277
210
104
176
141
29
243
69
276
209
103
175
140
28
242
68
275
208
102
174
139
27
241
67
274
207
101
173
138
26
240
66
273
206
100
172
137
25
239
65
272
205
99
171
136
24
238
64
271
204
98
170
135
23
237
63
270
203
97
169
134
22
236
62
Commande : t
269
202
96
168
133
21
300
235
61
268
201
95
167
132
20
299
234
60
267
200
94
166
131
19
298
233
59
266
199
93
165
130
18
297
232
58
265
198
92
164
129
17
296
231
57
264
197
91
163
128
16
295
230
56
263
196
90
162
127
15
294
229
55
262
195
89
161
126
14
293
228
54
261
194
88
160
125
13
292
227
53
260
193
87
159
124
12
291
226
52
259
192
86
158
123
11
290
225
51
258
191
85
157
122
10
289
224
50
257
190
84
156
121
9
288
223
49
256
189
83
155
120
8
287
222
48
255
188
82
154
119
7
286
221
47
254
187
81
153
118
6
285
220
46
253
186
80
152
117
5
284
219
45
252
185
79
151
116
4
283
218
44
251
184
78
150
115
3
282
217
43
250
183
77
149
114
2
281
216
42
249
182
76
148
113
1
280
215
41
248
181
75
147
112
0
279
214
40
247
180
74
146
111
278
213
39
246
179
73
145
110
277
212
38
245
178
72
144
109
276
211
37
244
177
71
143
108
275
210
36
243
176
70
142
107
274
209
35
242
175
69
141
106
273
208
34
241
174
68
140
105
272
207
33
240
173
67
139
104
271
206
32
Commande : t
239
172
300
66
138
103
270
205
31
238
171
299
65
137
102
269
204
30
237
170
298
64
136
101
268
203
29
236
169
297
63
135
100
267
202
28
235
168
296
62
134
99
266
201
27
234
167
295
61
133
98
265
200
26
233
166
294
60
132
97
264
199
25
232
165
293
59
131
96
263
198
24
231
164
292
58
130
95
262
197
23
230
163
291
57
129
94
261
196
22
229
162
290
56
128
93
260
195
21
228
161
289
55
127
92
259
194
20
227
160
288
54
126
91
258
193
19
226
159
287
53
125
90
257
192
18
225
158
286
52
124
89
256
191
17
224
157
285
51
123
88
255
190
16
223
156
284
50
122
87
254
189
15
222
155
283
49
121
86
253
188
14
221
154
282
48
120
85
252
187
13
220
153
281
47
119
84
251
186
12
219
152
280
46
118
83
250
185
11
218
151
279
45
117
82
249
184
10
217
150
278
44
116
81
248
183
9
216
149
277
43
115
80
247
182
8
215
148
276
42
114
79
246
181
7
214
147
275
41
113
78
245
180
6
213
146
274
40
112
77
244
179
5
212
145
273
39
111
76
243
178
4
211
144
272
38
110
75
242
177
3
210
143
271
37
109
74
241
176
2
209
142
270
36
108
73
240
175
1
Commande : t
300
208
141
269
35
107
72
239
174
0
299
207
140
268
34
106
71
238
173
298
206
139
267
33
105
70
237
172
297
205
138
266
32
104
69
236
171
296
204
137
265
31
103
68
235
170
295
203
136
264
30
102
67
234
169
294
202
135
263
29
101
66
233
168
293
201
134
262
28
100
65
232
167
292
200
133
261
27
99
64
231
166
291
199
132
260
26
98
63
230
165
290
198
131
259
25
97
62
229
164
289
197
130
258
24
96
61
228
163
288
196
129
257
23
95
60
227
162
287
195
128
256
22
94
59
226
161
286
194
127
255
21
93
58
225
160
285
193
126
254
20
92
57
224
159
284
192
125
253
19
91
56
223
158
283
191
124
252
18
90
55
222
157
282
190
123
251
17
89
54
221
156
281
189
122
250
16
88
53
220
155
280
188
121
249
15
87
52
219
154
279
187
120
248
14
86
51
218
153
278
186
119
247
13
85
50
217
152
277
185
118
246
12
84
49
216
151
276
184
117
245
11
83
48
215
150
275
183
116
244
10
82
47
214
149
274
182
115
243
9
81
46
213
148
273
181
114
242
8
80
45
212
147
272
180
113
241
7
79
44
211
146
271
179
112
240
6
78
43
210
145
270
178
111
239
5
77
42
209
144
269
177
110
238
4
76
41
208
143
268
176
109
237
3
75
40
207
142
267
175
108
236
2
74
39
206
141
266
174
107
235
1
73
38
205
140
265
173
106
234
0
72
37
204
139
264
172
105
233
71
36
203
138
263
171
104
232
70
35
202
137
262
170
103
231
69
34
201
136
261
169
102
230
68
33
200
135
260
168
101
229
67
32
199
134
259
167
100
228
66
31
198
133
258
166
99
227
65
30
197
132
257
165
98
226
64
29
196
131
256
164
97
225
63
28
195
130
255
163
96
224
62
27
194
129
254
162
95
223
61
26
193
128
253
161
94
222
60
25
192
127
252
160
93
221
59
24
191
126
251
159
92
220
58
23
190
125
250
158
91
219
57
22
189
124
249
157
90
218
56
21
188
123
248
156
89
217
55
20
187
122
247
155
88
216
54
19
186
121
246
154
87
215
53
18
185
120
245
153
86
214
52
17
184
119
244
152
85
213
51
16
183
118
243
151
84
212
50
15
182
117
242
150
83
211
49
14
181
116
241
149
82
210
48
13
180
115
240
148
81
209
47
12
179
114
239
147
80
208
46
11
178
113
238
146
79
207
45
10
177
112
237
145
78
206
44
9
176
111
236
144
77
205
43
8
175
110
235
143
76
204
42
7
174
109
234
142
75
203
41
6
173
108
233
141
74
202
40
5
172
107
232
140
73
201
39
4
171
106
231
139
72
200
38
3
170
105
230
138
71
199
37
2
169
104
229
137
70
198
36
1
168
103
228
136
69
197
35
0
167
102
227
135
68
196
34
166
101
226
134
67
195
33
165
100
225
133
66
194
32
164
99
224
132
65
193
31
163
98
223
131
64
192
30
162
97
222
130
63
191
29
161
96
221
129
62
190
28
160
95
220
128
61
189
27
159
94
219
127
60
188
26
158
93
218
126
59
187
25
157
92
217
125
58
186
24
156
91
216
124
57
185
23
155
90
215
123
56
184
22
154
89
214
122
55
183
21
153
88
213
121
54
182
20
152
87
212
120
53
181
19
151
86
211
119
52
180
18
150
85
210
118
51
179
17
149
84
209
117
50
178
16
148
83
208
116
49
177
15
147
82
207
115
48
176
14
146
81
206
114
47
175
13
145
80
205
113
46
174
12
144
79
204
112
45
173
11
143
78
203
111
44
172
10
142
77
202
110
43
171
9
141
76
201
109
42
170
8
140
75
200
108
41
169
7
139
74
199
107
40
168
6
138
73
198
106
39
167
5
137
72
197
105
38
166
4
136
71
196
104
37
165
3
135
70
195
103
36
164
2
134
69
194
102
35
163
1
133
68
193
101
34
162
0
132
67
192
100
33
161
131
66
191
99
32
160
130
65
190
98
31
159
129
64
189
97
30
158
128
63
